<?xml version="1.0" encoding="UTF-8"?>
<!-- Generated by org.testng.reporters.JUnitReportReporter -->
<testsuite hostname="DESKTOP-B35LNQE" failures="0" tests="2" name="Testing.SeleniumTesting.validatingTitle" time="5.954" errors="0" timestamp="2022-08-01T05:50:00 GMT-07:00" skipped="0">
  <testcase classname="Testing.SeleniumTesting.validatingTitle" name="logoValidation" time="5.628"/>
  <system-out/>
  <testcase classname="Testing.SeleniumTesting.validatingTitle" name="titleValidation" time="0.326"/>
  <system-out/>
</testsuite> <!-- Testing.SeleniumTesting.validatingTitle -->
