<?xml version="1.0" encoding="UTF-8"?>
<!-- Generated by org.testng.reporters.JUnitReportReporter -->
<testsuite hostname="DESKTOP-B35LNQE" failures="0" tests="1" name="Testing.SeleniumTesting.AssertValidation" time="4.300" errors="0" timestamp="2022-08-01T05:50:00 GMT-07:00" skipped="0">
  <testcase classname="Testing.SeleniumTesting.AssertValidation" name="basePageNavigation" time="4.300"/>
  <system-out/>
</testsuite> <!-- Testing.SeleniumTesting.AssertValidation -->
