<?xml version="1.0" encoding="UTF-8"?>
<!-- Generated by org.testng.reporters.JUnitReportReporter -->
<testsuite hostname="DESKTOP-B35LNQE" failures="0" tests="2" name="Testing.SeleniumTesting.HomePage" time="69.529" errors="0" timestamp="2022-08-01T21:55:08 GMT-07:00" skipped="0">
  <testcase classname="Testing.SeleniumTesting.HomePage" name="basePageNavigation" time="6.081"/>
  <system-out/>
  <testcase classname="Testing.SeleniumTesting.HomePage" name="basePageNavigation" time="63.448"/>
  <system-out/>
</testsuite> <!-- Testing.SeleniumTesting.HomePage -->
